<?xml version="1.0" encoding="UTF-8"?>
<!-- Generated by org.testng.reporters.JUnitReportReporter -->
<testsuite hostname="Aravinds-MacBook-Air.local" failures="0" tests="1" name="com.selenium.basicTests.BrowserCLATest" time="34.421" errors="0" timestamp="09 Mar 2025 10:00:53 GMT" skipped="0">
  <testcase classname="com.selenium.basicTests.BrowserCLATest" name="testingWebsiteOnInputBrowser" time="34.421"/>
</testsuite> <!-- com.selenium.basicTests.BrowserCLATest -->
