<?xml version="1.0" encoding="UTF-8"?>
<!-- Generated by org.testng.reporters.JUnitReportReporter -->
<testsuite hostname="Aravinds-MacBook-Air.local" failures="0" tests="1" name="com.selenium.basicTests.BrowserInputTest" time="29.604" errors="0" timestamp="09 Mar 2025 09:56:41 GMT" skipped="0">
  <testcase classname="com.selenium.basicTests.BrowserInputTest" name="testingWebsiteOnInputBrowser" time="29.604"/>
</testsuite> <!-- com.selenium.basicTests.BrowserInputTest -->
