<?xml version="1.0" encoding="UTF-8"?>
<!-- Generated by org.testng.reporters.JUnitReportReporter -->
<testsuite hostname="Aravinds-MacBook-Air.local" failures="0" tests="4" name="com.selenium.basicTests.WebsiteTest" time="153.809" errors="0" timestamp="07 Mar 2025 16:41:27 GMT" skipped="0">
  <testcase classname="com.selenium.basicTests.WebsiteTest" name="testingWebsiteOnFirefox" time="40.091"/>
  <testcase classname="com.selenium.basicTests.WebsiteTest" name="testingWebsiteOnSafari" time="50.257"/>
  <testcase classname="com.selenium.basicTests.WebsiteTest" name="testingWebsiteOnEdge" time="34.158"/>
  <testcase classname="com.selenium.basicTests.WebsiteTest" name="testingWebsiteOnChrome" time="29.303"/>
</testsuite> <!-- com.selenium.basicTests.WebsiteTest -->
