<?xml version="1.0" encoding="UTF-8"?>
<!-- Generated by org.testng.reporters.JUnitReportReporter -->
<testsuite hostname="DESKTOP-6BUKJSC" failures="0" tests="1" name="com.selenium.basicTests.WebsiteTest" time="35.070" errors="0" timestamp="03 Mar 2025 14:02:33 GMT" skipped="0">
  <testcase classname="com.selenium.basicTests.WebsiteTest" name="testingYoutube" time="35.070"/>
</testsuite> <!-- com.selenium.basicTests.WebsiteTest -->
